0 info it worked if it ends with ok
1 verbose cli [ 'node', '/usr/local/bin/npm', 'publish', './' ]
2 info using npm@1.2.18
3 info using node@v0.10.4
4 verbose publish [ './' ]
5 verbose cache add [ './', null ]
6 verbose cache add name=undefined spec="./" args=["./",null]
7 verbose parsed url { protocol: null,
7 verbose parsed url   slashes: null,
7 verbose parsed url   auth: null,
7 verbose parsed url   host: null,
7 verbose parsed url   port: null,
7 verbose parsed url   hostname: null,
7 verbose parsed url   hash: null,
7 verbose parsed url   search: null,
7 verbose parsed url   query: null,
7 verbose parsed url   pathname: './',
7 verbose parsed url   path: './',
7 verbose parsed url   href: './' }
8 silly lockFile 0ee6c175- ./
9 verbose lock ./ /Users/dylanhassinger/.npm/0ee6c175-.lock
10 verbose tar pack [ '/var/folders/GQ/GQdMfkQZHI8phCg5gIlcuU+++TI/-Tmp-/npm-10954/1367431864140-0.551137340022251/tmp.tgz',
10 verbose tar pack   './' ]
11 verbose tarball /var/folders/GQ/GQdMfkQZHI8phCg5gIlcuU+++TI/-Tmp-/npm-10954/1367431864140-0.551137340022251/tmp.tgz
12 verbose folder ./
13 info prepublish asset-loader@0.1.0
14 silly lockFile 0ee6c175- ./
15 verbose lock ./ /Users/dylanhassinger/.npm/0ee6c175-.lock
16 silly lockFile 52b3f31c-864140-0-551137340022251-tmp-tgz /var/folders/GQ/GQdMfkQZHI8phCg5gIlcuU+++TI/-Tmp-/npm-10954/1367431864140-0.551137340022251/tmp.tgz
17 verbose lock /var/folders/GQ/GQdMfkQZHI8phCg5gIlcuU+++TI/-Tmp-/npm-10954/1367431864140-0.551137340022251/tmp.tgz /Users/dylanhassinger/.npm/52b3f31c-864140-0-551137340022251-tmp-tgz.lock
18 silly lockFile 0ee6c175- ./
19 silly lockFile 0ee6c175- ./
20 silly lockFile 52b3f31c-864140-0-551137340022251-tmp-tgz /var/folders/GQ/GQdMfkQZHI8phCg5gIlcuU+++TI/-Tmp-/npm-10954/1367431864140-0.551137340022251/tmp.tgz
21 silly lockFile 52b3f31c-864140-0-551137340022251-tmp-tgz /var/folders/GQ/GQdMfkQZHI8phCg5gIlcuU+++TI/-Tmp-/npm-10954/1367431864140-0.551137340022251/tmp.tgz
22 verbose tar unpack /var/folders/GQ/GQdMfkQZHI8phCg5gIlcuU+++TI/-Tmp-/npm-10954/1367431864140-0.551137340022251/tmp.tgz
23 silly lockFile c1997d93-864140-0-551137340022251-package /var/folders/GQ/GQdMfkQZHI8phCg5gIlcuU+++TI/-Tmp-/npm-10954/1367431864140-0.551137340022251/package
24 verbose lock /var/folders/GQ/GQdMfkQZHI8phCg5gIlcuU+++TI/-Tmp-/npm-10954/1367431864140-0.551137340022251/package /Users/dylanhassinger/.npm/c1997d93-864140-0-551137340022251-package.lock
25 silly lockFile 52b3f31c-864140-0-551137340022251-tmp-tgz /var/folders/GQ/GQdMfkQZHI8phCg5gIlcuU+++TI/-Tmp-/npm-10954/1367431864140-0.551137340022251/tmp.tgz
26 verbose lock /var/folders/GQ/GQdMfkQZHI8phCg5gIlcuU+++TI/-Tmp-/npm-10954/1367431864140-0.551137340022251/tmp.tgz /Users/dylanhassinger/.npm/52b3f31c-864140-0-551137340022251-tmp-tgz.lock
27 silly gunzTarPerm modes [ '755', '644' ]
28 silly gunzTarPerm extractEntry package.json
29 silly gunzTarPerm extractEntry README.md
30 silly gunzTarPerm extractEntry index.js
31 silly gunzTarPerm extractEntry config.json
32 silly lockFile c1997d93-864140-0-551137340022251-package /var/folders/GQ/GQdMfkQZHI8phCg5gIlcuU+++TI/-Tmp-/npm-10954/1367431864140-0.551137340022251/package
33 silly lockFile c1997d93-864140-0-551137340022251-package /var/folders/GQ/GQdMfkQZHI8phCg5gIlcuU+++TI/-Tmp-/npm-10954/1367431864140-0.551137340022251/package
34 silly lockFile 52b3f31c-864140-0-551137340022251-tmp-tgz /var/folders/GQ/GQdMfkQZHI8phCg5gIlcuU+++TI/-Tmp-/npm-10954/1367431864140-0.551137340022251/tmp.tgz
35 silly lockFile 52b3f31c-864140-0-551137340022251-tmp-tgz /var/folders/GQ/GQdMfkQZHI8phCg5gIlcuU+++TI/-Tmp-/npm-10954/1367431864140-0.551137340022251/tmp.tgz
36 verbose tar pack [ '/Users/dylanhassinger/.npm/asset-loader/0.1.0/package.tgz',
36 verbose tar pack   '/var/folders/GQ/GQdMfkQZHI8phCg5gIlcuU+++TI/-Tmp-/npm-10954/1367431864140-0.551137340022251/package' ]
37 verbose tarball /Users/dylanhassinger/.npm/asset-loader/0.1.0/package.tgz
38 verbose folder /var/folders/GQ/GQdMfkQZHI8phCg5gIlcuU+++TI/-Tmp-/npm-10954/1367431864140-0.551137340022251/package
39 silly lockFile c1997d93-864140-0-551137340022251-package /var/folders/GQ/GQdMfkQZHI8phCg5gIlcuU+++TI/-Tmp-/npm-10954/1367431864140-0.551137340022251/package
40 verbose lock /var/folders/GQ/GQdMfkQZHI8phCg5gIlcuU+++TI/-Tmp-/npm-10954/1367431864140-0.551137340022251/package /Users/dylanhassinger/.npm/c1997d93-864140-0-551137340022251-package.lock
41 silly lockFile 040f84c9-m-asset-loader-0-1-0-package-tgz /Users/dylanhassinger/.npm/asset-loader/0.1.0/package.tgz
42 verbose lock /Users/dylanhassinger/.npm/asset-loader/0.1.0/package.tgz /Users/dylanhassinger/.npm/040f84c9-m-asset-loader-0-1-0-package-tgz.lock
43 silly lockFile c1997d93-864140-0-551137340022251-package /var/folders/GQ/GQdMfkQZHI8phCg5gIlcuU+++TI/-Tmp-/npm-10954/1367431864140-0.551137340022251/package
44 silly lockFile c1997d93-864140-0-551137340022251-package /var/folders/GQ/GQdMfkQZHI8phCg5gIlcuU+++TI/-Tmp-/npm-10954/1367431864140-0.551137340022251/package
45 silly lockFile 040f84c9-m-asset-loader-0-1-0-package-tgz /Users/dylanhassinger/.npm/asset-loader/0.1.0/package.tgz
46 silly lockFile 040f84c9-m-asset-loader-0-1-0-package-tgz /Users/dylanhassinger/.npm/asset-loader/0.1.0/package.tgz
47 silly lockFile 7d8edbe3-r-npm-asset-loader-0-1-0-package /Users/dylanhassinger/.npm/asset-loader/0.1.0/package
48 verbose lock /Users/dylanhassinger/.npm/asset-loader/0.1.0/package /Users/dylanhassinger/.npm/7d8edbe3-r-npm-asset-loader-0-1-0-package.lock
49 silly lockFile 7d8edbe3-r-npm-asset-loader-0-1-0-package /Users/dylanhassinger/.npm/asset-loader/0.1.0/package
50 silly lockFile 7d8edbe3-r-npm-asset-loader-0-1-0-package /Users/dylanhassinger/.npm/asset-loader/0.1.0/package
51 verbose tar unpack /Users/dylanhassinger/.npm/asset-loader/0.1.0/package.tgz
52 silly lockFile 7d8edbe3-r-npm-asset-loader-0-1-0-package /Users/dylanhassinger/.npm/asset-loader/0.1.0/package
53 verbose lock /Users/dylanhassinger/.npm/asset-loader/0.1.0/package /Users/dylanhassinger/.npm/7d8edbe3-r-npm-asset-loader-0-1-0-package.lock
54 silly lockFile 040f84c9-m-asset-loader-0-1-0-package-tgz /Users/dylanhassinger/.npm/asset-loader/0.1.0/package.tgz
55 verbose lock /Users/dylanhassinger/.npm/asset-loader/0.1.0/package.tgz /Users/dylanhassinger/.npm/040f84c9-m-asset-loader-0-1-0-package-tgz.lock
56 silly gunzTarPerm modes [ '755', '644' ]
57 silly gunzTarPerm extractEntry package.json
58 silly gunzTarPerm extractEntry README.md
59 silly gunzTarPerm extractEntry index.js
60 silly gunzTarPerm extractEntry config.json
61 silly lockFile 7d8edbe3-r-npm-asset-loader-0-1-0-package /Users/dylanhassinger/.npm/asset-loader/0.1.0/package
62 silly lockFile 7d8edbe3-r-npm-asset-loader-0-1-0-package /Users/dylanhassinger/.npm/asset-loader/0.1.0/package
63 silly lockFile 040f84c9-m-asset-loader-0-1-0-package-tgz /Users/dylanhassinger/.npm/asset-loader/0.1.0/package.tgz
64 silly lockFile 040f84c9-m-asset-loader-0-1-0-package-tgz /Users/dylanhassinger/.npm/asset-loader/0.1.0/package.tgz
65 silly shasum updated bytes 2911
66 info shasum 0f87d9a3ef3ef8d4eb45f6d876fccc9a68f00096
66 info shasum /Users/dylanhassinger/.npm/asset-loader/0.1.0/package.tgz
67 verbose chmod /Users/dylanhassinger/.npm/asset-loader/0.1.0/package.tgz 644
68 verbose chown /Users/dylanhassinger/.npm/asset-loader/0.1.0/package.tgz [ 501, 20 ]
69 silly lockFile 0ee6c175- ./
70 silly publish { name: 'asset-loader',
70 silly publish   description: 'Express.js view helper for including style or script tags! Has an easy syntax and supports \'bundle aliases\' for grouping files together.',
70 silly publish   version: '0.1.0',
70 silly publish   keywords: [ 'assets', 'pipeline', 'require' ],
70 silly publish   dependencies: { path: '~0.4.9', nconf: '~0.6.7' },
70 silly publish   readme: 'asset-loader\n========\n\nExpress.js view helper for including css or js tags! Supports easy syntax, plus bundle aliases for groups of files and cachebusting.\n\nThis module is focused on simplicity and flexibility for the frontend, and is backend-agnostic - use whatever tools you want to process your asset files and get them into place. The intention is to be completely decoupled from the asset preprocessors.\n\n\nInstallation\n---\n\nLoad up the module in your app.js:\n\n    var assets = require(\'asset-loader\');\n    assets.init(app.locals);\n\nConfiguration\n---\n\nBy default, assets are expected to be in the /assets folder and the default asset name is \'app\'.\n\nOverride like this:\n\n    assets.init(app.locals, {root: \'/tmp\', defaultAsset: \'index\'});\n    \n\nLoad Single Files\n---\n\nAll of these:\n\n    <%- assets.css() %>\n    <%- assets.css(\'app\') %>\n    <%- assets.css(\'app.css\') %>\n    <%- css(\'app\') %>\n    \nprint out this:\n\n    <link type="stylesheet/css" href="/assets/app.css" />    \n\nAnd all of these:\n\n    <%- assets.js() %>\n    <%- assets.js(\'app\') %>\n    <%- assets.js(\'app.js\') %>\n    <%- js(\'app\') %>\n\nprint out this:\n\n    <script type="text/javascript" src="/assets/app.js"></script>\n    \n\nLoad Multiple Files\n---\n\nBoth of these:\n\n    <%- assets.css(\'base, skin, custom\') %>\n    <%- assets.css([\'base\', \'skin\', \'custom\']) %>\n\nprint out these:\n\n    <link type="stylesheet/css" href="/assets/base.css" />\n    <link type="stylesheet/css" href="/assets/skin.css" />\n    <link type="stylesheet/css" href="/assets/custom.css" />  \n      \n\nBundles\n---\n\nAsset Loader supports bundles, which are really just special aliases that can be mapped to whatever file(s) you want.\n\nIn development mode, load up the bundles with your uncompressed assets:\n\n    var bundleObj = {\n      css: {\n        app: [\'base\', \'skin\', \'custom\'],\n        custom: "custom"\n      },  \n      js: {\n        head: [\'jquery\', \'common\'], \n        footer: [\'carousel\', \'modernizr\', \'popup\']\n      }\n    }\n  \nIn production mode, give the bundles the compressed and concat\'d version, with a cachebuster too:\n\n    var bundleObj = {\n      css: {\n    \t  app: "app-kjhdky2r8ud2woidchjkwjd",\n    \t  custom: "custom-kljhdfwiufoi3jdlknd"\n      },  \n      js: {\n        head: "head-kjdfksjhdflsdkjsldkfj", \n        footer: "footer-kcjhidiwuhewdioune"\n      }\n    }\n     \nPass in your bundle object like this:\n\n    assets.init(app.locals, { bundles: bundleObj });\t\n\t\nIt\'s up to you to take care of processing the files and naming them. Asset Loader just gets those names and takes it from there. You can pass the bundlers filenames with or without an extension.      \n\nIn the views, call your bundles like other assets. All these would work:\n\n    <%- css() %>\t\t\t\t\t\t<!-- app css bundle -->\n    <%- css(\'custom\') %>\t\t\t\t<!-- custom css bundle -->\n    \t\n    <%- assets.js(\'head\') %>\t\t\t<!-- head js bundle -->\n    <%- js(\'footer.js\') %>\t\t\t\t<!-- footer js bundle -->\n        \nAsset Loader always checks for a bundle before it prints out the filename.    \n\n\nAll Options\n---\n\nHere is the complete config option and its defaults:\n\n    {\n      root: \'/assets\',\t\t\t// default assets root\n\t  defaultAsset: \'app\'\n      bundles: null,\n      helperName: \'assets\', \t// the name of the main view helper\n      xhtml: true     \t\t\t// closing slashes on link tags for xml compatibility\n      rootCSS: null,\t\t\t// these override root\n      rootJS: null,\n      defaultCSS: null,\t\t\t// these override defaultAsset\n      defaultJS: null     \n    }  \n\n                      \nInspiration\n---\n\n- [Sails.js](http://sails.js) and [Asset Rack](https://github.com/techpines/asset-rack)\n- [Nap](https://github.com/craigspaeth/nap)\n- [Connect Assets](https://github.com/adunkman/connect-assets)\n- [Asset Smasher](https://github.com/jriecken/asset-smasher)\n- [RequireJS](http://requirejs.org/)',
70 silly publish   readmeFilename: 'README.md',
70 silly publish   _id: 'asset-loader@0.1.0',
70 silly publish   dist: { shasum: '0f87d9a3ef3ef8d4eb45f6d876fccc9a68f00096' },
70 silly publish   _from: './' }
71 verbose url raw asset-loader
72 verbose url resolving [ 'https://registry.npmjs.org/', './asset-loader' ]
73 verbose url resolved https://registry.npmjs.org/asset-loader
74 info trying registry request attempt 1 at 13:12:04
75 http PUT https://registry.npmjs.org/asset-loader
76 http 409 https://registry.npmjs.org/asset-loader
77 verbose url raw asset-loader
78 verbose url resolving [ 'https://registry.npmjs.org/', './asset-loader' ]
79 verbose url resolved https://registry.npmjs.org/asset-loader
80 info trying registry request attempt 1 at 13:12:06
81 http GET https://registry.npmjs.org/asset-loader
82 http 200 https://registry.npmjs.org/asset-loader
83 error publish fail Cannot publish over existing version.
83 error publish fail Update the 'version' field in package.json and try again.
83 error publish fail
83 error publish fail If the previous version was published in error, see:
83 error publish fail     npm help unpublish
83 error publish fail
83 error publish fail To automatically increment version numbers, see:
83 error publish fail     npm help version
84 error System Darwin 10.8.0
85 error command "node" "/usr/local/bin/npm" "publish" "./"
86 error cwd /DROPBOX/500_PROJECTS/906_nodpress/assets/node_modules/asset-loader
87 error node -v v0.10.4
88 error npm -v 1.2.18
89 error code EPUBLISHCONFLICT
90 verbose exit [ 1, true ]
